Build started 1/26/2015 7:35:18 PM.
     1>Project "C:\Users\seven_000\Desktop\Graphics2014\final\GrTown\GrTown.vcxproj" on node 2 (Build target(s)).
     1>PreBuildEvent:
         C:/"Program Files (x86)/FLTK 1.3.2"/bin/fluid.exe -c GraphicsTownUI.fl
         :VCEnd
       ClCompile:
         C:\Program Files (x86)\Microsoft Visual Studio 12.0\VC\bin\CL.exe /c /I"C:\Program Files\FLTK 1.3.2\include" /I"C:\Program Files\glew\include" /I.. /I"C:\Program Files\glm" /IC:\Users\seven_000\Desktop\Graphics2014\final\GrTown\\.. /IC:\Users\seven_000\Desktop\Graphics2014\final\GrTown\ /Zi /nologo /W3 /WX- /O2 /Oy- /D WIN32 /D NDEBUG /D _CONSOLE /D _CRT_SECURE_NO_WARNINGS /D _VC80_UPGRADE=0x0710 /D _MBCS /Gm- /EHsc /MD /GS /fp:precise /Zc:wchar_t /Zc:forScope /Fo"Release\\" /Fd"Release\vc120.pdb" /Gd /TP /analyze- /errorReport:prompt Examples\Objects.cpp Examples\Suburbs.cpp GraphicsTownUI.cxx Main.cpp SkyBox.cpp Sphere.cpp TownViewWidget.cpp
         Objects.cpp
     1>Examples\Objects.cpp(158): warning C4305: 'argument' : truncation from 'double' to 'GLclampf'
     1>Examples\Objects.cpp(442): warning C4305: 'argument' : truncation from 'double' to 'GLclampf'
     1>Examples\Objects.cpp(993): warning C4305: 'argument' : truncation from 'double' to 'GLclampf'
         Suburbs.cpp
         GraphicsTownUI.cxx
         Main.cpp
     1>Main.cpp(112): warning C4244: 'argument' : conversion from 'int' to 'float', possible loss of data
     1>Main.cpp(114): warning C4244: 'argument' : conversion from 'int' to 'float', possible loss of data
     1>Main.cpp(116): warning C4244: 'argument' : conversion from 'int' to 'float', possible loss of data
     1>Main.cpp(120): warning C4244: 'argument' : conversion from 'int' to 'float', possible loss of data
     1>Main.cpp(148): warning C4305: 'argument' : truncation from 'double' to 'float'
     1>Main.cpp(150): warning C4305: 'argument' : truncation from 'double' to 'float'
     1>Main.cpp(152): warning C4305: 'argument' : truncation from 'double' to 'float'
     1>Main.cpp(155): warning C4305: 'argument' : truncation from 'double' to 'float'
     1>Main.cpp(157): warning C4305: 'argument' : truncation from 'double' to 'float'
     1>Main.cpp(174): warning C4305: 'argument' : truncation from 'double' to 'float'
     1>Main.cpp(176): warning C4305: 'argument' : truncation from 'double' to 'float'
     1>Main.cpp(178): warning C4305: 'argument' : truncation from 'double' to 'float'
     1>Main.cpp(181): warning C4305: 'argument' : truncation from 'double' to 'float'
     1>Main.cpp(183): warning C4305: 'argument' : truncation from 'double' to 'float'
     1>Main.cpp(200): warning C4305: 'argument' : truncation from 'double' to 'float'
     1>Main.cpp(202): warning C4305: 'argument' : truncation from 'double' to 'float'
     1>Main.cpp(204): warning C4305: 'argument' : truncation from 'double' to 'float'
     1>Main.cpp(207): warning C4305: 'argument' : truncation from 'double' to 'float'
     1>Main.cpp(209): warning C4305: 'argument' : truncation from 'double' to 'float'
         SkyBox.cpp
     1>SkyBox.cpp(19): warning C4244: 'argument' : conversion from 'double' to 'GLfloat', possible loss of data
     1>SkyBox.cpp(20): warning C4244: 'argument' : conversion from 'double' to 'GLfloat', possible loss of data
     1>SkyBox.cpp(21): warning C4244: 'argument' : conversion from 'double' to 'GLfloat', possible loss of data
     1>SkyBox.cpp(22): warning C4244: 'argument' : conversion from 'double' to 'GLfloat', possible loss of data
     1>SkyBox.cpp(27): warning C4244: 'argument' : conversion from 'double' to 'GLfloat', possible loss of data
     1>SkyBox.cpp(28): warning C4244: 'argument' : conversion from 'double' to 'GLfloat', possible loss of data
     1>SkyBox.cpp(29): warning C4244: 'argument' : conversion from 'double' to 'GLfloat', possible loss of data
     1>SkyBox.cpp(30): warning C4244: 'argument' : conversion from 'double' to 'GLfloat', possible loss of data
     1>SkyBox.cpp(35): warning C4244: 'argument' : conversion from 'double' to 'GLfloat', possible loss of data
     1>SkyBox.cpp(36): warning C4244: 'argument' : conversion from 'double' to 'GLfloat', possible loss of data
     1>SkyBox.cpp(37): warning C4244: 'argument' : conversion from 'double' to 'GLfloat', possible loss of data
     1>SkyBox.cpp(38): warning C4244: 'argument' : conversion from 'double' to 'GLfloat', possible loss of data
     1>SkyBox.cpp(43): warning C4244: 'argument' : conversion from 'double' to 'GLfloat', possible loss of data
     1>SkyBox.cpp(44): warning C4244: 'argument' : conversion from 'double' to 'GLfloat', possible loss of data
     1>SkyBox.cpp(45): warning C4244: 'argument' : conversion from 'double' to 'GLfloat', possible loss of data
     1>SkyBox.cpp(46): warning C4244: 'argument' : conversion from 'double' to 'GLfloat', possible loss of data
     1>SkyBox.cpp(53): warning C4244: 'argument' : conversion from 'double' to 'GLfloat', possible loss of data
     1>SkyBox.cpp(54): warning C4244: 'argument' : conversion from 'double' to 'GLfloat', possible loss of data
     1>SkyBox.cpp(55): warning C4244: 'argument' : conversion from 'double' to 'GLfloat', possible loss of data
     1>SkyBox.cpp(56): warning C4244: 'argument' : conversion from 'double' to 'GLfloat', possible loss of data
     1>SkyBox.cpp(61): warning C4244: 'argument' : conversion from 'double' to 'GLfloat', possible loss of data
     1>SkyBox.cpp(62): warning C4244: 'argument' : conversion from 'double' to 'GLfloat', possible loss of data
     1>SkyBox.cpp(63): warning C4244: 'argument' : conversion from 'double' to 'GLfloat', possible loss of data
     1>SkyBox.cpp(64): warning C4244: 'argument' : conversion from 'double' to 'GLfloat', possible loss of data
         Sphere.cpp
         TownViewWidget.cpp
         Generating Code...
       Link:
         C:\Program Files (x86)\Microsoft Visual Studio 12.0\VC\bin\link.exe /ERRORREPORT:PROMPT /OUT:"Release\GrTown.exe" /INCREMENTAL:NO /NOLOGO /LIBPATH:"C:\Program Files (x86)\FLTK 1.3.2\lib" /LIBPATH:"C:\Program Files\glew\lib\Release\Win32\\" fltk.lib fltkgl.lib comctl32.lib wsock32.lib opengl32.lib glu32.lib fltkjpeg.lib fltkpng.lib fltkimages.lib fltkzlib.lib glew32s.lib kernel32.lib user32.lib gdi32.lib winspool.lib comdlg32.lib advapi32.lib shell32.lib ole32.lib oleaut32.lib uuid.lib odbc32.lib odbccp32.lib /NODEFAULTLIB:LIBCMT.lib /MANIFEST /MANIFESTUAC:"level='asInvoker' uiAccess='false'" /manifest:embed /DEBUG /PDB:"Release\GrTown.pdb" /SUBSYSTEM:CONSOLE /OPT:REF /OPT:ICF /TLBID:1 /DYNAMICBASE:NO /IMPLIB:"Release\GrTown.lib" /MACHINE:X86 /SAFESEH Release\libtarga.obj
         Release\ShaderTools.obj
         Release\Texture.obj
         Release\Behavior.obj
         Release\DrawingState.obj
         Release\DrawUtils.obj
         Release\Cars.obj
         Release\Objects.obj
         Release\SimpleBehaviors.obj
         Release\Suburbs.obj
         Release\FlyCamera.obj
         Release\GraphicsTownUI.obj
         Release\GrObject.obj
         Release\GrWorld.obj
         Release\Main.obj
         Release\MMatrix.obj
         Release\ParticleSystem.obj
         Release\Drive.obj
         Release\Roads.obj
         Release\SkyBox.obj
         Release\Sphere.obj
         Release\TownViewWidget.obj
     1>Sphere.obj : warning LNK4049: locally defined symbol ___glewGetUniformLocation imported
     1>Sphere.obj : warning LNK4049: locally defined symbol ___glewUniform3f imported
     1>Sphere.obj : warning LNK4049: locally defined symbol ___glewUseProgram imported
     1>fltk.lib(case.obj) : warning LNK4204: 'C:\Users\seven_000\Desktop\Graphics2014\final\GrTown\Release\vc120.pdb' is missing debugging information for referencing module; linking object as if no debug info
     1>fltk.lib(filename_ext.obj) : warning LNK4204: 'C:\Users\seven_000\Desktop\Graphics2014\final\GrTown\Release\vc120.pdb' is missing debugging information for referencing module; linking object as if no debug info
     1>fltk.lib(filename_list.obj) : warning LNK4204: 'C:\Users\seven_000\Desktop\Graphics2014\final\GrTown\Release\vc120.pdb' is missing debugging information for referencing module; linking object as if no debug info
     1>fltk.lib(filename_match.obj) : warning LNK4204: 'C:\Users\seven_000\Desktop\Graphics2014\final\GrTown\Release\vc120.pdb' is missing debugging information for referencing module; linking object as if no debug info
     1>fltk.lib(Fl.obj) : warning LNK4204: 'C:\Users\seven_000\Desktop\Graphics2014\final\GrTown\Release\vc120.pdb' is missing debugging information for referencing module; linking object as if no debug info
     1>fltk.lib(Fl_abort.obj) : warning LNK4204: 'C:\Users\seven_000\Desktop\Graphics2014\final\GrTown\Release\vc120.pdb' is missing debugging information for referencing module; linking object as if no debug info
     1>fltk.lib(Fl_add_idle.obj) : warning LNK4204: 'C:\Users\seven_000\Desktop\Graphics2014\final\GrTown\Release\vc120.pdb' is missing debugging information for referencing module; linking object as if no debug info
     1>fltk.lib(fl_arc.obj) : warning LNK4204: 'C:\Users\seven_000\Desktop\Graphics2014\final\GrTown\Release\vc120.pdb' is missing debugging information for referencing module; linking object as if no debug info
     1>fltk.lib(fl_arci.obj) : warning LNK4204: 'C:\Users\seven_000\Desktop\Graphics2014\final\GrTown\Release\vc120.pdb' is missing debugging information for referencing module; linking object as if no debug info
     1>fltk.lib(fl_ask.obj) : warning LNK4204: 'C:\Users\seven_000\Desktop\Graphics2014\final\GrTown\Release\vc120.pdb' is missing debugging information for referencing module; linking object as if no debug info
     1>fltk.lib(Fl_Bitmap.obj) : warning LNK4204: 'C:\Users\seven_000\Desktop\Graphics2014\final\GrTown\Release\vc120.pdb' is missing debugging information for referencing module; linking object as if no debug info
     1>fltk.lib(Fl_Box.obj) : warning LNK4204: 'C:\Users\seven_000\Desktop\Graphics2014\final\GrTown\Release\vc120.pdb' is missing debugging information for referencing module; linking object as if no debug info
     1>fltk.lib(fl_boxtype.obj) : warning LNK4204: 'C:\Users\seven_000\Desktop\Graphics2014\final\GrTown\Release\vc120.pdb' is missing debugging information for referencing module; linking object as if no debug info
     1>fltk.lib(Fl_Browser.obj) : warning LNK4204: 'C:\Users\seven_000\Desktop\Graphics2014\final\GrTown\Release\vc120.pdb' is missing debugging information for referencing module; linking object as if no debug info
     1>fltk.lib(Fl_Browser_.obj) : warning LNK4204: 'C:\Users\seven_000\Desktop\Graphics2014\final\GrTown\Release\vc120.pdb' is missing debugging information for referencing module; linking object as if no debug info
     1>fltk.lib(Fl_Button.obj) : warning LNK4204: 'C:\Users\seven_000\Desktop\Graphics2014\final\GrTown\Release\vc120.pdb' is missing debugging information for referencing module; linking object as if no debug info
     1>fltk.lib(fl_color.obj) : warning LNK4204: 'C:\Users\seven_000\Desktop\Graphics2014\final\GrTown\Release\vc120.pdb' is missing debugging information for referencing module; linking object as if no debug info
     1>fltk.lib(Fl_compose.obj) : warning LNK4204: 'C:\Users\seven_000\Desktop\Graphics2014\final\GrTown\Release\vc120.pdb' is missing debugging information for referencing module; linking object as if no debug info
     1>fltk.lib(fl_cursor.obj) : warning LNK4204: 'C:\Users\seven_000\Desktop\Graphics2014\final\GrTown\Release\vc120.pdb' is missing debugging information for referencing module; linking object as if no debug info
     1>fltk.lib(fl_curve.obj) : warning LNK4204: 'C:\Users\seven_000\Desktop\Graphics2014\final\GrTown\Release\vc120.pdb' is missing debugging information for referencing module; linking object as if no debug info
     1>fltk.lib(Fl_Device.obj) : warning LNK4204: 'C:\Users\seven_000\Desktop\Graphics2014\final\GrTown\Release\vc120.pdb' is missing debugging information for referencing module; linking object as if no debug info
     1>fltk.lib(fl_dnd.obj) : warning LNK4204: 'C:\Users\seven_000\Desktop\Graphics2014\final\GrTown\Release\vc120.pdb' is missing debugging information for referencing module; linking object as if no debug info
     1>fltk.lib(Fl_Double_Window.obj) : warning LNK4204: 'C:\Users\seven_000\Desktop\Graphics2014\final\GrTown\Release\vc120.pdb' is missing debugging information for referencing module; linking object as if no debug info
     1>fltk.lib(fl_draw.obj) : warning LNK4204: 'C:\Users\seven_000\Desktop\Graphics2014\final\GrTown\Release\vc120.pdb' is missing debugging information for referencing module; linking object as if no debug info
     1>fltk.lib(fl_draw_image.obj) : warning LNK4204: 'C:\Users\seven_000\Desktop\Graphics2014\final\GrTown\Release\vc120.pdb' is missing debugging information for referencing module; linking object as if no debug info
     1>fltk.lib(fl_draw_pixmap.obj) : warning LNK4204: 'C:\Users\seven_000\Desktop\Graphics2014\final\GrTown\Release\vc120.pdb' is missing debugging information for referencing module; linking object as if no debug info
     1>fltk.lib(fl_font.obj) : warning LNK4204: 'C:\Users\seven_000\Desktop\Graphics2014\final\GrTown\Release\vc120.pdb' is missing debugging information for referencing module; linking object as if no debug info
     1>fltk.lib(Fl_get_key.obj) : warning LNK4204: 'C:\Users\seven_000\Desktop\Graphics2014\final\GrTown\Release\vc120.pdb' is missing debugging information for referencing module; linking object as if no debug info
     1>fltk.lib(Fl_get_system_colors.obj) : warning LNK4204: 'C:\Users\seven_000\Desktop\Graphics2014\final\GrTown\Release\vc120.pdb' is missing debugging information for referencing module; linking object as if no debug info
     1>fltk.lib(Fl_grab.obj) : warning LNK4204: 'C:\Users\seven_000\Desktop\Graphics2014\final\GrTown\Release\vc120.pdb' is missing debugging information for referencing module; linking object as if no debug info
     1>fltk.lib(Fl_Group.obj) : warning LNK4204: 'C:\Users\seven_000\Desktop\Graphics2014\final\GrTown\Release\vc120.pdb' is missing debugging information for referencing module; linking object as if no debug info
     1>fltk.lib(fl_gtk.obj) : warning LNK4204: 'C:\Users\seven_000\Desktop\Graphics2014\final\GrTown\Release\vc120.pdb' is missing debugging information for referencing module; linking object as if no debug info
     1>fltk.lib(Fl_Image.obj) : warning LNK4204: 'C:\Users\seven_000\Desktop\Graphics2014\final\GrTown\Release\vc120.pdb' is missing debugging information for referencing module; linking object as if no debug info
     1>fltk.lib(Fl_Input.obj) : warning LNK4204: 'C:\Users\seven_000\Desktop\Graphics2014\final\GrTown\Release\vc120.pdb' is missing debugging information for referencing module; linking object as if no debug info
     1>fltk.lib(Fl_Input_.obj) : warning LNK4204: 'C:\Users\seven_000\Desktop\Graphics2014\final\GrTown\Release\vc120.pdb' is missing debugging information for referencing module; linking object as if no debug info
     1>fltk.lib(fl_labeltype.obj) : warning LNK4204: 'C:\Users\seven_000\Desktop\Graphics2014\final\GrTown\Release\vc120.pdb' is missing debugging information for referencing module; linking object as if no debug info
     1>fltk.lib(fl_line_style.obj) : warning LNK4204: 'C:\Users\seven_000\Desktop\Graphics2014\final\GrTown\Release\vc120.pdb' is missing debugging information for referencing module; linking object as if no debug info
     1>fltk.lib(Fl_lock.obj) : warning LNK4204: 'C:\Users\seven_000\Desktop\Graphics2014\final\GrTown\Release\vc120.pdb' is missing debugging information for referencing module; linking object as if no debug info
     1>fltk.lib(Fl_Menu.obj) : warning LNK4204: 'C:\Users\seven_000\Desktop\Graphics2014\final\GrTown\Release\vc120.pdb' is missing debugging information for referencing module; linking object as if no debug info
     1>fltk.lib(Fl_Menu_.obj) : warning LNK4204: 'C:\Users\seven_000\Desktop\Graphics2014\final\GrTown\Release\vc120.pdb' is missing debugging information for referencing module; linking object as if no debug info
     1>fltk.lib(Fl_Menu_add.obj) : warning LNK4204: 'C:\Users\seven_000\Desktop\Graphics2014\final\GrTown\Release\vc120.pdb' is missing debugging information for referencing module; linking object as if no debug info
     1>fltk.lib(Fl_Menu_Button.obj) : warning LNK4204: 'C:\Users\seven_000\Desktop\Graphics2014\final\GrTown\Release\vc120.pdb' is missing debugging information for referencing module; linking object as if no debug info
     1>fltk.lib(Fl_Menu_Window.obj) : warning LNK4204: 'C:\Users\seven_000\Desktop\Graphics2014\final\GrTown\Release\vc120.pdb' is missing debugging information for referencing module; linking object as if no debug info
     1>fltk.lib(Fl_Overlay_Window.obj) : warning LNK4204: 'C:\Users\seven_000\Desktop\Graphics2014\final\GrTown\Release\vc120.pdb' is missing debugging information for referencing module; linking object as if no debug info
     1>fltk.lib(Fl_Pixmap.obj) : warning LNK4204: 'C:\Users\seven_000\Desktop\Graphics2014\final\GrTown\Release\vc120.pdb' is missing debugging information for referencing module; linking object as if no debug info
     1>fltk.lib(fl_plastic.obj) : warning LNK4204: 'C:\Users\seven_000\Desktop\Graphics2014\final\GrTown\Release\vc120.pdb' is missing debugging information for referencing module; linking object as if no debug info
     1>fltk.lib(Fl_Preferences.obj) : warning LNK4204: 'C:\Users\seven_000\Desktop\Graphics2014\final\GrTown\Release\vc120.pdb' is missing debugging information for referencing module; linking object as if no debug info
     1>fltk.lib(fl_read_image.obj) : warning LNK4204: 'C:\Users\seven_000\Desktop\Graphics2014\final\GrTown\Release\vc120.pdb' is missing debugging information for referencing module; linking object as if no debug info
     1>fltk.lib(fl_rect.obj) : warning LNK4204: 'C:\Users\seven_000\Desktop\Graphics2014\final\GrTown\Release\vc120.pdb' is missing debugging information for referencing module; linking object as if no debug info
     1>fltk.lib(Fl_Repeat_Button.obj) : warning LNK4204: 'C:\Users\seven_000\Desktop\Graphics2014\final\GrTown\Release\vc120.pdb' is missing debugging information for referencing module; linking object as if no debug info
     1>fltk.lib(Fl_Return_Button.obj) : warning LNK4204: 'C:\Users\seven_000\Desktop\Graphics2014\final\GrTown\Release\vc120.pdb' is missing debugging information for referencing module; linking object as if no debug info
     1>fltk.lib(fl_round_box.obj) : warning LNK4204: 'C:\Users\seven_000\Desktop\Graphics2014\final\GrTown\Release\vc120.pdb' is missing debugging information for referencing module; linking object as if no debug info
     1>fltk.lib(Fl_Scrollbar.obj) : warning LNK4204: 'C:\Users\seven_000\Desktop\Graphics2014\final\GrTown\Release\vc120.pdb' is missing debugging information for referencing module; linking object as if no debug info
     1>fltk.lib(Fl_Shared_Image.obj) : warning LNK4204: 'C:\Users\seven_000\Desktop\Graphics2014\final\GrTown\Release\vc120.pdb' is missing debugging information for referencing module; linking object as if no debug info
     1>fltk.lib(fl_shortcut.obj) : warning LNK4204: 'C:\Users\seven_000\Desktop\Graphics2014\final\GrTown\Release\vc120.pdb' is missing debugging information for referencing module; linking object as if no debug info
     1>fltk.lib(Fl_Single_Window.obj) : warning LNK4204: 'C:\Users\seven_000\Desktop\Graphics2014\final\GrTown\Release\vc120.pdb' is missing debugging information for referencing module; linking object as if no debug info
     1>fltk.lib(Fl_Slider.obj) : warning LNK4204: 'C:\Users\seven_000\Desktop\Graphics2014\final\GrTown\Release\vc120.pdb' is missing debugging information for referencing module; linking object as if no debug info
     1>fltk.lib(fl_symbols.obj) : warning LNK4204: 'C:\Users\seven_000\Desktop\Graphics2014\final\GrTown\Release\vc120.pdb' is missing debugging information for referencing module; linking object as if no debug info
     1>fltk.lib(Fl_Tiled_Image.obj) : warning LNK4204: 'C:\Users\seven_000\Desktop\Graphics2014\final\GrTown\Release\vc120.pdb' is missing debugging information for referencing module; linking object as if no debug info
     1>fltk.lib(Fl_Tooltip.obj) : warning LNK4204: 'C:\Users\seven_000\Desktop\Graphics2014\final\GrTown\Release\vc120.pdb' is missing debugging information for referencing module; linking object as if no debug info
     1>fltk.lib(fl_utf.obj) : warning LNK4204: 'C:\Users\seven_000\Desktop\Graphics2014\final\GrTown\Release\vc120.pdb' is missing debugging information for referencing module; linking object as if no debug info
     1>fltk.lib(fl_utf8.obj) : warning LNK4204: 'C:\Users\seven_000\Desktop\Graphics2014\final\GrTown\Release\vc120.pdb' is missing debugging information for referencing module; linking object as if no debug info
     1>fltk.lib(Fl_Valuator.obj) : warning LNK4204: 'C:\Users\seven_000\Desktop\Graphics2014\final\GrTown\Release\vc120.pdb' is missing debugging information for referencing module; linking object as if no debug info
     1>fltk.lib(Fl_Value_Output.obj) : warning LNK4204: 'C:\Users\seven_000\Desktop\Graphics2014\final\GrTown\Release\vc120.pdb' is missing debugging information for referencing module; linking object as if no debug info
     1>fltk.lib(Fl_Value_Slider.obj) : warning LNK4204: 'C:\Users\seven_000\Desktop\Graphics2014\final\GrTown\Release\vc120.pdb' is missing debugging information for referencing module; linking object as if no debug info
     1>fltk.lib(fl_vertex.obj) : warning LNK4204: 'C:\Users\seven_000\Desktop\Graphics2014\final\GrTown\Release\vc120.pdb' is missing debugging information for referencing module; linking object as if no debug info
     1>fltk.lib(Fl_Widget.obj) : warning LNK4204: 'C:\Users\seven_000\Desktop\Graphics2014\final\GrTown\Release\vc120.pdb' is missing debugging information for referencing module; linking object as if no debug info
     1>fltk.lib(Fl_Window.obj) : warning LNK4204: 'C:\Users\seven_000\Desktop\Graphics2014\final\GrTown\Release\vc120.pdb' is missing debugging information for referencing module; linking object as if no debug info
     1>fltk.lib(Fl_Window_hotspot.obj) : warning LNK4204: 'C:\Users\seven_000\Desktop\Graphics2014\final\GrTown\Release\vc120.pdb' is missing debugging information for referencing module; linking object as if no debug info
     1>fltk.lib(Fl_XBM_Image.obj) : warning LNK4204: 'C:\Users\seven_000\Desktop\Graphics2014\final\GrTown\Release\vc120.pdb' is missing debugging information for referencing module; linking object as if no debug info
     1>fltk.lib(Fl_XPM_Image.obj) : warning LNK4204: 'C:\Users\seven_000\Desktop\Graphics2014\final\GrTown\Release\vc120.pdb' is missing debugging information for referencing module; linking object as if no debug info
     1>fltk.lib(flstring.obj) : warning LNK4204: 'C:\Users\seven_000\Desktop\Graphics2014\final\GrTown\Release\vc120.pdb' is missing debugging information for referencing module; linking object as if no debug info
     1>fltk.lib(is_spacing.obj) : warning LNK4204: 'C:\Users\seven_000\Desktop\Graphics2014\final\GrTown\Release\vc120.pdb' is missing debugging information for referencing module; linking object as if no debug info
     1>fltk.lib(numericsort.obj) : warning LNK4204: 'C:\Users\seven_000\Desktop\Graphics2014\final\GrTown\Release\vc120.pdb' is missing debugging information for referencing module; linking object as if no debug info
     1>fltk.lib(scandir.obj) : warning LNK4204: 'C:\Users\seven_000\Desktop\Graphics2014\final\GrTown\Release\vc120.pdb' is missing debugging information for referencing module; linking object as if no debug info
     1>fltk.lib(screen_xywh.obj) : warning LNK4204: 'C:\Users\seven_000\Desktop\Graphics2014\final\GrTown\Release\vc120.pdb' is missing debugging information for referencing module; linking object as if no debug info
     1>fltk.lib(vsnprintf.obj) : warning LNK4204: 'C:\Users\seven_000\Desktop\Graphics2014\final\GrTown\Release\vc120.pdb' is missing debugging information for referencing module; linking object as if no debug info
     1>fltkgl.lib(Fl_Gl_Choice.obj) : warning LNK4204: 'C:\Users\seven_000\Desktop\Graphics2014\final\GrTown\Release\vc120.pdb' is missing debugging information for referencing module; linking object as if no debug info
     1>fltkgl.lib(Fl_Gl_Device_Plugin.obj) : warning LNK4204: 'C:\Users\seven_000\Desktop\Graphics2014\final\GrTown\Release\vc120.pdb' is missing debugging information for referencing module; linking object as if no debug info
     1>fltkgl.lib(Fl_Gl_Window.obj) : warning LNK4204: 'C:\Users\seven_000\Desktop\Graphics2014\final\GrTown\Release\vc120.pdb' is missing debugging information for referencing module; linking object as if no debug info
     1>fltkgl.lib(gl_draw.obj) : warning LNK4204: 'C:\Users\seven_000\Desktop\Graphics2014\final\GrTown\Release\vc120.pdb' is missing debugging information for referencing module; linking object as if no debug info
     1>fltkjpeg.lib(jcomapi.obj) : warning LNK4204: 'C:\Users\seven_000\Desktop\Graphics2014\final\GrTown\Release\vc120.pdb' is missing debugging information for referencing module; linking object as if no debug info
     1>fltkjpeg.lib(jaricom.obj) : warning LNK4204: 'C:\Users\seven_000\Desktop\Graphics2014\final\GrTown\Release\vc120.pdb' is missing debugging information for referencing module; linking object as if no debug info
     1>fltkjpeg.lib(jdarith.obj) : warning LNK4204: 'C:\Users\seven_000\Desktop\Graphics2014\final\GrTown\Release\vc120.pdb' is missing debugging information for referencing module; linking object as if no debug info
     1>fltkjpeg.lib(jdapimin.obj) : warning LNK4204: 'C:\Users\seven_000\Desktop\Graphics2014\final\GrTown\Release\vc120.pdb' is missing debugging information for referencing module; linking object as if no debug info
     1>fltkjpeg.lib(jdapistd.obj) : warning LNK4204: 'C:\Users\seven_000\Desktop\Graphics2014\final\GrTown\Release\vc120.pdb' is missing debugging information for referencing module; linking object as if no debug info
     1>fltkjpeg.lib(jdatasrc.obj) : warning LNK4204: 'C:\Users\seven_000\Desktop\Graphics2014\final\GrTown\Release\vc120.pdb' is missing debugging information for referencing module; linking object as if no debug info
     1>fltkjpeg.lib(jdcoefct.obj) : warning LNK4204: 'C:\Users\seven_000\Desktop\Graphics2014\final\GrTown\Release\vc120.pdb' is missing debugging information for referencing module; linking object as if no debug info
     1>fltkjpeg.lib(jdcolor.obj) : warning LNK4204: 'C:\Users\seven_000\Desktop\Graphics2014\final\GrTown\Release\vc120.pdb' is missing debugging information for referencing module; linking object as if no debug info
     1>fltkjpeg.lib(jddctmgr.obj) : warning LNK4204: 'C:\Users\seven_000\Desktop\Graphics2014\final\GrTown\Release\vc120.pdb' is missing debugging information for referencing module; linking object as if no debug info
     1>fltkjpeg.lib(jdhuff.obj) : warning LNK4204: 'C:\Users\seven_000\Desktop\Graphics2014\final\GrTown\Release\vc120.pdb' is missing debugging information for referencing module; linking object as if no debug info
     1>fltkjpeg.lib(jdinput.obj) : warning LNK4204: 'C:\Users\seven_000\Desktop\Graphics2014\final\GrTown\Release\vc120.pdb' is missing debugging information for referencing module; linking object as if no debug info
     1>fltkjpeg.lib(jdmainct.obj) : warning LNK4204: 'C:\Users\seven_000\Desktop\Graphics2014\final\GrTown\Release\vc120.pdb' is missing debugging information for referencing module; linking object as if no debug info
     1>fltkjpeg.lib(jdmarker.obj) : warning LNK4204: 'C:\Users\seven_000\Desktop\Graphics2014\final\GrTown\Release\vc120.pdb' is missing debugging information for referencing module; linking object as if no debug info
     1>fltkjpeg.lib(jdmaster.obj) : warning LNK4204: 'C:\Users\seven_000\Desktop\Graphics2014\final\GrTown\Release\vc120.pdb' is missing debugging information for referencing module; linking object as if no debug info
     1>fltkjpeg.lib(jdmerge.obj) : warning LNK4204: 'C:\Users\seven_000\Desktop\Graphics2014\final\GrTown\Release\vc120.pdb' is missing debugging information for referencing module; linking object as if no debug info
     1>fltkjpeg.lib(jdpostct.obj) : warning LNK4204: 'C:\Users\seven_000\Desktop\Graphics2014\final\GrTown\Release\vc120.pdb' is missing debugging information for referencing module; linking object as if no debug info
     1>fltkjpeg.lib(jdsample.obj) : warning LNK4204: 'C:\Users\seven_000\Desktop\Graphics2014\final\GrTown\Release\vc120.pdb' is missing debugging information for referencing module; linking object as if no debug info
     1>fltkjpeg.lib(jerror.obj) : warning LNK4204: 'C:\Users\seven_000\Desktop\Graphics2014\final\GrTown\Release\vc120.pdb' is missing debugging information for referencing module; linking object as if no debug info
     1>fltkjpeg.lib(jidctflt.obj) : warning LNK4204: 'C:\Users\seven_000\Desktop\Graphics2014\final\GrTown\Release\vc120.pdb' is missing debugging information for referencing module; linking object as if no debug info
     1>fltkjpeg.lib(jidctfst.obj) : warning LNK4204: 'C:\Users\seven_000\Desktop\Graphics2014\final\GrTown\Release\vc120.pdb' is missing debugging information for referencing module; linking object as if no debug info
     1>fltkjpeg.lib(jidctint.obj) : warning LNK4204: 'C:\Users\seven_000\Desktop\Graphics2014\final\GrTown\Release\vc120.pdb' is missing debugging information for referencing module; linking object as if no debug info
     1>fltkjpeg.lib(jmemmgr.obj) : warning LNK4204: 'C:\Users\seven_000\Desktop\Graphics2014\final\GrTown\Release\vc120.pdb' is missing debugging information for referencing module; linking object as if no debug info
     1>fltkjpeg.lib(jmemnobs.obj) : warning LNK4204: 'C:\Users\seven_000\Desktop\Graphics2014\final\GrTown\Release\vc120.pdb' is missing debugging information for referencing module; linking object as if no debug info
     1>fltkjpeg.lib(jquant1.obj) : warning LNK4204: 'C:\Users\seven_000\Desktop\Graphics2014\final\GrTown\Release\vc120.pdb' is missing debugging information for referencing module; linking object as if no debug info
     1>fltkjpeg.lib(jquant2.obj) : warning LNK4204: 'C:\Users\seven_000\Desktop\Graphics2014\final\GrTown\Release\vc120.pdb' is missing debugging information for referencing module; linking object as if no debug info
     1>fltkjpeg.lib(jutils.obj) : warning LNK4204: 'C:\Users\seven_000\Desktop\Graphics2014\final\GrTown\Release\vc120.pdb' is missing debugging information for referencing module; linking object as if no debug info
     1>fltkpng.lib(png.obj) : warning LNK4204: 'C:\Users\seven_000\Desktop\Graphics2014\final\GrTown\Release\vc120.pdb' is missing debugging information for referencing module; linking object as if no debug info
     1>fltkpng.lib(pngerror.obj) : warning LNK4204: 'C:\Users\seven_000\Desktop\Graphics2014\final\GrTown\Release\vc120.pdb' is missing debugging information for referencing module; linking object as if no debug info
     1>fltkpng.lib(pngget.obj) : warning LNK4204: 'C:\Users\seven_000\Desktop\Graphics2014\final\GrTown\Release\vc120.pdb' is missing debugging information for referencing module; linking object as if no debug info
     1>fltkpng.lib(pngmem.obj) : warning LNK4204: 'C:\Users\seven_000\Desktop\Graphics2014\final\GrTown\Release\vc120.pdb' is missing debugging information for referencing module; linking object as if no debug info
     1>fltkpng.lib(pngread.obj) : warning LNK4204: 'C:\Users\seven_000\Desktop\Graphics2014\final\GrTown\Release\vc120.pdb' is missing debugging information for referencing module; linking object as if no debug info
     1>fltkpng.lib(pngrio.obj) : warning LNK4204: 'C:\Users\seven_000\Desktop\Graphics2014\final\GrTown\Release\vc120.pdb' is missing debugging information for referencing module; linking object as if no debug info
     1>fltkpng.lib(pngrtran.obj) : warning LNK4204: 'C:\Users\seven_000\Desktop\Graphics2014\final\GrTown\Release\vc120.pdb' is missing debugging information for referencing module; linking object as if no debug info
     1>fltkpng.lib(pngrutil.obj) : warning LNK4204: 'C:\Users\seven_000\Desktop\Graphics2014\final\GrTown\Release\vc120.pdb' is missing debugging information for referencing module; linking object as if no debug info
     1>fltkpng.lib(pngset.obj) : warning LNK4204: 'C:\Users\seven_000\Desktop\Graphics2014\final\GrTown\Release\vc120.pdb' is missing debugging information for referencing module; linking object as if no debug info
     1>fltkpng.lib(pngtrans.obj) : warning LNK4204: 'C:\Users\seven_000\Desktop\Graphics2014\final\GrTown\Release\vc120.pdb' is missing debugging information for referencing module; linking object as if no debug info
     1>fltkimages.lib(Fl_BMP_Image.obj) : warning LNK4204: 'C:\Users\seven_000\Desktop\Graphics2014\final\GrTown\Release\vc120.pdb' is missing debugging information for referencing module; linking object as if no debug info
     1>fltkimages.lib(Fl_GIF_Image.obj) : warning LNK4204: 'C:\Users\seven_000\Desktop\Graphics2014\final\GrTown\Release\vc120.pdb' is missing debugging information for referencing module; linking object as if no debug info
     1>fltkimages.lib(Fl_JPEG_Image.obj) : warning LNK4204: 'C:\Users\seven_000\Desktop\Graphics2014\final\GrTown\Release\vc120.pdb' is missing debugging information for referencing module; linking object as if no debug info
     1>fltkimages.lib(Fl_PNG_Image.obj) : warning LNK4204: 'C:\Users\seven_000\Desktop\Graphics2014\final\GrTown\Release\vc120.pdb' is missing debugging information for referencing module; linking object as if no debug info
     1>fltkzlib.lib(adler32.obj) : warning LNK4204: 'C:\Users\seven_000\Desktop\Graphics2014\final\GrTown\Release\vc120.pdb' is missing debugging information for referencing module; linking object as if no debug info
     1>fltkzlib.lib(crc32.obj) : warning LNK4204: 'C:\Users\seven_000\Desktop\Graphics2014\final\GrTown\Release\vc120.pdb' is missing debugging information for referencing module; linking object as if no debug info
     1>fltkzlib.lib(inffast.obj) : warning LNK4204: 'C:\Users\seven_000\Desktop\Graphics2014\final\GrTown\Release\vc120.pdb' is missing debugging information for referencing module; linking object as if no debug info
     1>fltkzlib.lib(inflate.obj) : warning LNK4204: 'C:\Users\seven_000\Desktop\Graphics2014\final\GrTown\Release\vc120.pdb' is missing debugging information for referencing module; linking object as if no debug info
     1>fltkzlib.lib(inftrees.obj) : warning LNK4204: 'C:\Users\seven_000\Desktop\Graphics2014\final\GrTown\Release\vc120.pdb' is missing debugging information for referencing module; linking object as if no debug info
     1>fltkzlib.lib(zutil.obj) : warning LNK4204: 'C:\Users\seven_000\Desktop\Graphics2014\final\GrTown\Release\vc120.pdb' is missing debugging information for referencing module; linking object as if no debug info
     1>glew32s.lib(glew.obj) : warning LNK4204: 'C:\Users\seven_000\Desktop\Graphics2014\final\GrTown\Release\vc120.pdb' is missing debugging information for referencing module; linking object as if no debug info
         GrTown.vcxproj -> C:\Users\seven_000\Desktop\Graphics2014\final\GrTown\Release\GrTown.exe
     1>Done Building Project "C:\Users\seven_000\Desktop\Graphics2014\final\GrTown\GrTown.vcxproj" (Build target(s)).

Build succeeded.

Time Elapsed 00:00:03.60
